<?xml version="1.0" encoding="UTF-8"?>
<testng-results skipped="0" failed="0" ignored="0" total="1" passed="1">
  <reporter-output>
  </reporter-output>
  <suite name="N11 Test Suite" duration-ms="81438" started-at="2022-06-06T07:38:44 MDT" finished-at="2022-06-06T07:40:05 MDT">
    <groups>
    </groups>
    <test name="LoginTest2" duration-ms="81438" started-at="2022-06-06T07:38:44 MDT" finished-at="2022-06-06T07:40:05 MDT">
      <class name="com.TestCases.TC_01">
        <test-method status="PASS" signature="Setup(java.lang.String)[pri:0, instance:com.TestCases.TC_01@285225]" name="Setup" is-config="true" duration-ms="57804" started-at="2022-06-06T07:38:44 MDT" finished-at="2022-06-06T07:39:42 MDT">
          <params>
            <param index="0">
              <value>
                <![CDATA[chrome]]>
              </value>
            </param>
          </params>
          <reporter-output>
          </reporter-output>
        </test-method> <!-- Setup -->
        <test-method status="PASS" signature="logintest()[pri:0, instance:com.TestCases.TC_01@285225]" name="logintest" duration-ms="21619" started-at="2022-06-06T07:39:42 MDT" finished-at="2022-06-06T07:40:03 MDT">
          <reporter-output>
          </reporter-output>
        </test-method> <!-- logintest -->
        <test-method status="PASS" signature="TearDown()[pri:0, instance:com.TestCases.TC_01@285225]" name="TearDown" is-config="true" duration-ms="1485" started-at="2022-06-06T07:40:04 MDT" finished-at="2022-06-06T07:40:05 MDT">
          <reporter-output>
          </reporter-output>
        </test-method> <!-- TearDown -->
      </class> <!-- com.TestCases.TC_01 -->
    </test> <!-- LoginTest2 -->
  </suite> <!-- N11 Test Suite -->
</testng-results>
